2022.12.21 14:56:17 INFO  tracing is disabled for protocol LSP, to enable tracing of incoming and outgoing JSON messages create an empty file at /Users/nicholasdrake/Documents/essential-scala-master/.metals/lsp.trace.json or /Users/nicholasdrake/Library/Caches/org.scalameta.metals/lsp.trace.json
2022.12.21 14:56:17 INFO  logging to file /Users/nicholasdrake/Documents/essential-scala-master/.metals/metals.log
2022.12.21 14:56:17 INFO  Started: Metals version 0.11.9 in workspace '/Users/nicholasdrake/Documents/essential-scala-master' for client Visual Studio Code 1.74.2.
2022.12.21 14:56:18 INFO  time: initialize in 1.02s
2022.12.21 14:56:20 WARN  Build server is not auto-connectable.
2022.12.21 14:56:28 INFO  running '/Users/nicholasdrake/.sdkman/candidates/java/current/bin/java -Djline.terminal=jline.UnsupportedTerminal -Dsbt.log.noformat=true -Dfile.encoding=UTF-8 -jar /var/folders/mv/zs2v14bd54dfgzzf5rms5qqc0000gq/T/metals15274733742304995013/sbt-launch.jar -Dbloop.export-jar-classifiers=sources bloopInstall'
2022.12.21 14:56:29 WARN  no build target for: /Users/nicholasdrake/Documents/essential-scala-master/project/metals.sbt
2022.12.21 14:56:29 WARN  no build target for: /Users/nicholasdrake/Documents/essential-scala-master/project/project/metals.sbt
2022.12.21 14:56:29 INFO  skipping build import with status 'Started'
2022.12.21 14:56:31 INFO  [info] welcome to sbt 1.6.2 (Eclipse Adoptium Java 17.0.2)
2022.12.21 14:56:32 INFO  no build target found for /Users/nicholasdrake/Documents/essential-scala-master/project/metals.sbt. Using presentation compiler with project's scala-library version: 3.2.0
2022.12.21 14:56:32 INFO  [info] loading global plugins from /Users/nicholasdrake/.sbt/1.0/plugins
2022.12.21 14:56:35 INFO  [info] loading settings for project essential-scala-master-build-build from metals.sbt ...
2022.12.21 14:56:35 INFO  [info] loading project definition from /Users/nicholasdrake/Documents/essential-scala-master/project/project
2022.12.21 14:56:37 INFO  [info] loading settings for project essential-scala-master-build from metals.sbt ...
2022.12.21 14:56:37 INFO  [info] loading project definition from /Users/nicholasdrake/Documents/essential-scala-master/project
2022.12.21 14:56:39 INFO  [success] Generated .bloop/essential-scala-master-build.json
2022.12.21 14:56:39 INFO  [success] Total time: 2 s, completed 21 Dec 2022, 14:56:39
2022.12.21 14:56:39 INFO  [info] set current project to essential-scala-master (in build file:/Users/nicholasdrake/Documents/essential-scala-master/)
2022.12.21 14:56:39 INFO  [success] Generated .bloop/essential-scala-master-test.json
2022.12.21 14:56:39 INFO  [success] Generated .bloop/essential-scala-master.json
2022.12.21 14:56:39 INFO  [success] Total time: 0 s, completed 21 Dec 2022, 14:56:40
2022.12.21 14:56:40 INFO  time: ran 'sbt bloopInstall' in 11s
2022.12.21 14:56:40 INFO  Attempting to connect to the build server...
2022.12.21 14:56:40 INFO  Setting up current java home /Users/nicholasdrake/.sdkman/candidates/java/current in /Users/nicholasdrake/.bloop/bloop.json
2022.12.21 14:56:43 INFO  tracing is disabled for protocol BSP, to enable tracing of incoming and outgoing JSON messages create an empty file at /Users/nicholasdrake/Documents/essential-scala-master/.metals/bsp.trace.json or /Users/nicholasdrake/Library/Caches/org.scalameta.metals/bsp.trace.json
2022.12.21 14:56:45 INFO  Attempting to connect to the build server...
2022.12.21 14:56:45 INFO  Bloop uses /Users/nicholasdrake/.sdkman/candidates/java/current defined at /Users/nicholasdrake/.bloop/bloop.json
2022.12.21 14:56:45 INFO  tracing is disabled for protocol BSP, to enable tracing of incoming and outgoing JSON messages create an empty file at /Users/nicholasdrake/Documents/essential-scala-master/project/.metals/bsp.trace.json or /Users/nicholasdrake/Library/Caches/org.scalameta.metals/bsp.trace.json
2022.12.21 14:56:45 INFO  time: Connected to build server in 4.85s
2022.12.21 14:56:45 INFO  Connected to Build server: Bloop v1.5.4
2022.12.21 14:56:48 INFO  time: indexed workspace in 3.45s
2022.12.21 14:58:35 WARN  no build target for: /Users/nicholasdrake/Documents/essential-scala-master/src/pages/sequencing/calculator.scala
Dec 21, 2022 2:58:36 PM scala.meta.internal.pc.CompilerAccess handleError
SEVERE: file%3A%2F%2F%2FUsers%2Fnicholasdrake%2FDocuments%2Fessential-scala-master%2Fsrc%2Fpages%2Fsequencing%2Fcalculator.scala:55: error: illegal start of definition identifier
assert(Addition(Number(1), Number(2)).eval == Success(3))
^
file%3A%2F%2F%2FUsers%2Fnicholasdrake%2FDocuments%2Fessential-scala-master%2Fsrc%2Fpages%2Fsequencing%2Fcalculator.scala:55: error: illegal start of definition identifier
assert(Addition(Number(1), Number(2)).eval == Success(3))
^
	at scala.meta.internal.parsers.Reporter.syntaxError(Reporter.scala:16)
	at scala.meta.internal.parsers.Reporter.syntaxError$(Reporter.scala:16)
	at scala.meta.internal.parsers.Reporter$$anon$1.syntaxError(Reporter.scala:22)
	at scala.meta.internal.parsers.Reporter.syntaxError(Reporter.scala:17)
	at scala.meta.internal.parsers.Reporter.syntaxError$(Reporter.scala:17)
	at scala.meta.internal.parsers.Reporter$$anon$1.syntaxError(Reporter.scala:22)
	at scala.meta.internal.parsers.ScalametaParser.statSeqBuf(ScalametaParser.scala:4224)
	at scala.meta.internal.parsers.ScalametaParser.$anonfun$batchSource$14(ScalametaParser.scala:4437)
	at scala.Option.getOrElse(Option.scala:189)
	at scala.meta.internal.parsers.ScalametaParser.$anonfun$batchSource$1(ScalametaParser.scala:4437)
	at scala.meta.internal.parsers.ScalametaParser.atPos(ScalametaParser.scala:316)
	at scala.meta.internal.parsers.ScalametaParser.autoPos(ScalametaParser.scala:357)
	at scala.meta.internal.parsers.ScalametaParser.batchSource(ScalametaParser.scala:4392)
	at scala.meta.internal.parsers.ScalametaParser.$anonfun$source$1(ScalametaParser.scala:4385)
	at scala.meta.internal.parsers.ScalametaParser.atPos(ScalametaParser.scala:316)
	at scala.meta.internal.parsers.ScalametaParser.autoPos(ScalametaParser.scala:357)
	at scala.meta.internal.parsers.ScalametaParser.source(ScalametaParser.scala:4385)
	at scala.meta.internal.parsers.ScalametaParser.entrypointSource(ScalametaParser.scala:4390)
	at scala.meta.internal.parsers.ScalametaParser.parseSourceImpl(ScalametaParser.scala:132)
	at scala.meta.internal.parsers.ScalametaParser.$anonfun$parseSource$1(ScalametaParser.scala:129)
	at scala.meta.internal.parsers.ScalametaParser.parseRuleAfterBOF(ScalametaParser.scala:56)
	at scala.meta.internal.parsers.ScalametaParser.parseRule(ScalametaParser.scala:51)
	at scala.meta.internal.parsers.ScalametaParser.parseSource(ScalametaParser.scala:129)
	at scala.meta.parsers.Parse$.$anonfun$parseSource$1(Parse.scala:29)
	at scala.meta.parsers.Parse$$anon$1.apply(Parse.scala:36)
	at scala.meta.parsers.Api$XtensionParseDialectInput.parse(Api.scala:25)
	at scala.meta.internal.semanticdb.scalac.ParseOps$XtensionCompilationUnitSource.toSource(ParseOps.scala:17)
	at scala.meta.internal.semanticdb.scalac.TextDocumentOps$XtensionCompilationUnitDocument.toTextDocument(TextDocumentOps.scala:203)
	at scala.meta.internal.pc.SemanticdbTextDocumentProvider.textDocument(SemanticdbTextDocumentProvider.scala:54)

Dec 21, 2022 2:58:36 PM scala.meta.internal.pc.CompilerAccess handleError
SEVERE: file%3A%2F%2F%2FUsers%2Fnicholasdrake%2FDocuments%2Fessential-scala-master%2Fsrc%2Fpages%2Fsequencing%2Fcalculator.scala:55: error: illegal start of definition identifier
assert(Addition(Number(1), Number(2)).eval == Success(3))
^
file%3A%2F%2F%2FUsers%2Fnicholasdrake%2FDocuments%2Fessential-scala-master%2Fsrc%2Fpages%2Fsequencing%2Fcalculator.scala:55: error: illegal start of definition identifier
assert(Addition(Number(1), Number(2)).eval == Success(3))
^
	at scala.meta.internal.parsers.Reporter.syntaxError(Reporter.scala:16)
	at scala.meta.internal.parsers.Reporter.syntaxError$(Reporter.scala:16)
	at scala.meta.internal.parsers.Reporter$$anon$1.syntaxError(Reporter.scala:22)
	at scala.meta.internal.parsers.Reporter.syntaxError(Reporter.scala:17)
	at scala.meta.internal.parsers.Reporter.syntaxError$(Reporter.scala:17)
	at scala.meta.internal.parsers.Reporter$$anon$1.syntaxError(Reporter.scala:22)
	at scala.meta.internal.parsers.ScalametaParser.statSeqBuf(ScalametaParser.scala:4224)
	at scala.meta.internal.parsers.ScalametaParser.$anonfun$batchSource$14(ScalametaParser.scala:4437)
	at scala.Option.getOrElse(Option.scala:189)
	at scala.meta.internal.parsers.ScalametaParser.$anonfun$batchSource$1(ScalametaParser.scala:4437)
	at scala.meta.internal.parsers.ScalametaParser.atPos(ScalametaParser.scala:316)
	at scala.meta.internal.parsers.ScalametaParser.autoPos(ScalametaParser.scala:357)
	at scala.meta.internal.parsers.ScalametaParser.batchSource(ScalametaParser.scala:4392)
	at scala.meta.internal.parsers.ScalametaParser.$anonfun$source$1(ScalametaParser.scala:4385)
	at scala.meta.internal.parsers.ScalametaParser.atPos(ScalametaParser.scala:316)
	at scala.meta.internal.parsers.ScalametaParser.autoPos(ScalametaParser.scala:357)
	at scala.meta.internal.parsers.ScalametaParser.source(ScalametaParser.scala:4385)
	at scala.meta.internal.parsers.ScalametaParser.entrypointSource(ScalametaParser.scala:4390)
	at scala.meta.internal.parsers.ScalametaParser.parseSourceImpl(ScalametaParser.scala:132)
	at scala.meta.internal.parsers.ScalametaParser.$anonfun$parseSource$1(ScalametaParser.scala:129)
	at scala.meta.internal.parsers.ScalametaParser.parseRuleAfterBOF(ScalametaParser.scala:56)
	at scala.meta.internal.parsers.ScalametaParser.parseRule(ScalametaParser.scala:51)
	at scala.meta.internal.parsers.ScalametaParser.parseSource(ScalametaParser.scala:129)
	at scala.meta.parsers.Parse$.$anonfun$parseSource$1(Parse.scala:29)
	at scala.meta.parsers.Parse$$anon$1.apply(Parse.scala:36)
	at scala.meta.parsers.Api$XtensionParseDialectInput.parse(Api.scala:25)
	at scala.meta.internal.semanticdb.scalac.ParseOps$XtensionCompilationUnitSource.toSource(ParseOps.scala:17)
	at scala.meta.internal.semanticdb.scalac.TextDocumentOps$XtensionCompilationUnitDocument.toTextDocument(TextDocumentOps.scala:203)
	at scala.meta.internal.pc.SemanticdbTextDocumentProvider.textDocument(SemanticdbTextDocumentProvider.scala:54)

2022.12.21 14:58:36 INFO  time: code lens generation in 1.11s
